Сборка начата 21.04.2025 13:32:09.
Уровень детализации журнала: Normal.     1>Проект "C:\Users\Влад\Desktop\7\lab7\Lab04\Win32Project1\Win32Project1.vcxproj" в узле 2 (целевые объекты Build).
     1>C:\Program Files\Microsoft Visual Studio\2022\Community\MSBuild\Microsoft\VC\v170\Microsoft.CppBuild.targets(531,5): warning MSB8028: промежуточный каталог (x64\Debug\) содержит файлы, которые используются совместно с другим проектом (Win32Project1.vcxproj).  Это может привести к ошибкам очистки и перестроения.
         Структурированный вывод включен. Форматирование диагностики компилятора будет отражать иерархию ошибок. Подробнее см. https://aka.ms/cpp/structured-output.
     1>InitializeBuildStatus:
         Создание "x64\Debug\lab7.tlog\unsuccessfulbuild", так как было задано "AlwaysCreate".
         Обращение к "x64\Debug\lab7.tlog\unsuccessfulbuild".
       ClCompile:
         Для всех выходных данных обновления не требуется.
       Link:
         Для всех выходных данных обновления не требуется.
         Win32Project1.vcxproj -> C:\Users\Влад\Desktop\7\lab7\Lab04\x64\Debug\lab7.exe
       FinalizeBuildStatus:
         Файл "x64\Debug\lab7.tlog\unsuccessfulbuild" удаляется.
         Обращение к "x64\Debug\lab7.tlog\lab7.lastbuildstate".
     1>Сборка проекта "C:\Users\Влад\Desktop\7\lab7\Lab04\Win32Project1\Win32Project1.vcxproj" завершена (целевые объекты Build).

Сборка успешно завершена.

       "C:\Users\Влад\Desktop\7\lab7\Lab04\Win32Project1\Win32Project1.vcxproj" (целевой объект Build ) (1) ->
       (Целевой объект PrepareForBuild) -> 
         C:\Program Files\Microsoft Visual Studio\2022\Community\MSBuild\Microsoft\VC\v170\Microsoft.CppBuild.targets(531,5): warning MSB8028: промежуточный каталог (x64\Debug\) содержит файлы, которые используются совместно с другим проектом (Win32Project1.vcxproj).  Это может привести к ошибкам очистки и перестроения.

    Предупреждений: 1
    Ошибок: 0

Прошло времени 00:00:00.09
