Сборка начата 17.03.2025 10:00:53.
Уровень детализации журнала: Normal.     1>Проект "C:\Users\Влад\Desktop\laba_3\laba_3\laba_3\laba_3\laba_3.vcxproj" в узле 2 (целевые объекты Build).
     1>PrepareForBuild:
         Структурированный вывод включен. Форматирование диагностики компилятора будет отражать иерархию ошибок. Подробнее см. https://aka.ms/cpp/structured-output.
       InitializeBuildStatus:
         Создание "x64\Debug\laba_3.tlog\unsuccessfulbuild", так как было задано "AlwaysCreate".
         Обращение к "x64\Debug\laba_3.tlog\unsuccessfulbuild".
       ClCompile:
         C:\Program Files\Microsoft Visual Studio\2022\Community\VC\Tools\MSVC\14.39.33519\bin\HostX64\x64\CL.exe /c /ZI /JMC /nologo /W3 /WX- /diagnostics:column /sdl /Od /D _WINDOWS /D _DEBUG /D _UNICODE /D UNICODE /D _AFXDLL /Gm- /EHsc /RTC1 /MDd /GS /fp:precise /Zc:wchar_t /Zc:forScope /Zc:inline /Fo"x64\Debug\\" /Fd"x64\Debug\vc143.pdb" /external:W3 /Gd /TP /FC /errorReport:prompt ChildView.cpp LibChart2D.cpp
         ChildView.cpp
         _WIN32_WINNT not defined. Defaulting to _WIN32_WINNT_MAXVER (see WinSDKVer.h)
     1>C:\Users\Влад\Desktop\laba_3\laba_3\laba_3\laba_3\ChildView.cpp(80,8): warning C4244: инициализация: преобразование "double" в "int", возможна потеря данных
     1>C:\Users\Влад\Desktop\laba_3\laba_3\laba_3\laba_3\ChildView.cpp(103,8): warning C4244: инициализация: преобразование "double" в "int", возможна потеря данных
     1>C:\Users\Влад\Desktop\laba_3\laba_3\laba_3\laba_3\ChildView.cpp(151,49): warning C4244: аргумент: преобразование "const double" в "int", возможна потеря данных
     1>C:\Users\Влад\Desktop\laba_3\laba_3\laba_3\laba_3\ChildView.cpp(151,36): warning C4244: аргумент: преобразование "const double" в "int", возможна потеря данных
     1>C:\Users\Влад\Desktop\laba_3\laba_3\laba_3\laba_3\ChildView.cpp(151,25): warning C4244: аргумент: преобразование "const double" в "int", возможна потеря данных
     1>C:\Users\Влад\Desktop\laba_3\laba_3\laba_3\laba_3\ChildView.cpp(151,13): warning C4244: аргумент: преобразование "const double" в "int", возможна потеря данных
         LibChart2D.cpp
         _WIN32_WINNT not defined. Defaulting to _WIN32_WINNT_MAXVER (see WinSDKVer.h)
     1>C:\Users\Влад\Desktop\laba_3\laba_3\laba_3\laba_3\LibChart2D.cpp(209,41): warning C4244: аргумент: преобразование "double" в "int", возможна потеря данных
     1>C:\Users\Влад\Desktop\laba_3\laba_3\laba_3\laba_3\LibChart2D.cpp(209,31): warning C4244: аргумент: преобразование "double" в "int", возможна потеря данных
     1>C:\Users\Влад\Desktop\laba_3\laba_3\laba_3\laba_3\LibChart2D.cpp(209,23): warning C4244: аргумент: преобразование "double" в "int", возможна потеря данных
     1>C:\Users\Влад\Desktop\laba_3\laba_3\laba_3\laba_3\LibChart2D.cpp(209,14): warning C4244: аргумент: преобразование "double" в "int", возможна потеря данных
         Создание кода...
       ResourceCompile:
         Для всех выходных данных обновления не требуется.
       Link:
         C:\Program Files\Microsoft Visual Studio\2022\Community\VC\Tools\MSVC\14.39.33519\bin\HostX64\x64\link.exe /ERRORREPORT:PROMPT /OUT:"C:\Users\Влад\Desktop\laba_3\laba_3\laba_3\x64\Debug\laba_3.exe" /INCREMENTAL /ILK:"x64\Debug\laba_3.ilk" /NOLOGO /MANIFEST /MANIFESTUAC:"level='asInvoker' uiAccess='false'" /manifest:embed /manifestinput:"C:\Program Files\Microsoft Visual Studio\2022\Community\VC\Tools\MSVC\14.39.33519\Include\Manifest\dpiaware.manifest" /DEBUG:FULL /PDB:"C:\Users\Влад\Desktop\laba_3\laba_3\laba_3\x64\Debug\laba_3.pdb" /SUBSYSTEM:WINDOWS /TLBID:1 /ENTRY:"wWinMainCRTStartup" /DYNAMICBASE /NXCOMPAT /IMPLIB:"C:\Users\Влад\Desktop\laba_3\laba_3\laba_3\x64\Debug\laba_3.lib" /MACHINE:X64 x64\Debug\lab2.res
         x64\Debug\ChildView.obj
         x64\Debug\CMatrix.obj
         x64\Debug\laba_3.obj
         x64\Debug\LibChart2D.obj
         x64\Debug\MainFrm.obj
         laba_3.vcxproj -> C:\Users\Влад\Desktop\laba_3\laba_3\laba_3\x64\Debug\laba_3.exe
       FinalizeBuildStatus:
         Файл "x64\Debug\laba_3.tlog\unsuccessfulbuild" удаляется.
         Обращение к "x64\Debug\laba_3.tlog\laba_3.lastbuildstate".
     1>Сборка проекта "C:\Users\Влад\Desktop\laba_3\laba_3\laba_3\laba_3\laba_3.vcxproj" завершена (целевые объекты Build).

Сборка успешно завершена.

       "C:\Users\Влад\Desktop\laba_3\laba_3\laba_3\laba_3\laba_3.vcxproj" (целевой объект Build ) (1) ->
       (Целевой объект ClCompile) -> 
         C:\Users\Влад\Desktop\laba_3\laba_3\laba_3\laba_3\ChildView.cpp(80,8): warning C4244: инициализация: преобразование "double" в "int", возможна потеря данных
         C:\Users\Влад\Desktop\laba_3\laba_3\laba_3\laba_3\ChildView.cpp(103,8): warning C4244: инициализация: преобразование "double" в "int", возможна потеря данных
         C:\Users\Влад\Desktop\laba_3\laba_3\laba_3\laba_3\ChildView.cpp(151,49): warning C4244: аргумент: преобразование "const double" в "int", возможна потеря данных
         C:\Users\Влад\Desktop\laba_3\laba_3\laba_3\laba_3\ChildView.cpp(151,36): warning C4244: аргумент: преобразование "const double" в "int", возможна потеря данных
         C:\Users\Влад\Desktop\laba_3\laba_3\laba_3\laba_3\ChildView.cpp(151,25): warning C4244: аргумент: преобразование "const double" в "int", возможна потеря данных
         C:\Users\Влад\Desktop\laba_3\laba_3\laba_3\laba_3\ChildView.cpp(151,13): warning C4244: аргумент: преобразование "const double" в "int", возможна потеря данных
         C:\Users\Влад\Desktop\laba_3\laba_3\laba_3\laba_3\LibChart2D.cpp(209,41): warning C4244: аргумент: преобразование "double" в "int", возможна потеря данных
         C:\Users\Влад\Desktop\laba_3\laba_3\laba_3\laba_3\LibChart2D.cpp(209,31): warning C4244: аргумент: преобразование "double" в "int", возможна потеря данных
         C:\Users\Влад\Desktop\laba_3\laba_3\laba_3\laba_3\LibChart2D.cpp(209,23): warning C4244: аргумент: преобразование "double" в "int", возможна потеря данных
         C:\Users\Влад\Desktop\laba_3\laba_3\laba_3\laba_3\LibChart2D.cpp(209,14): warning C4244: аргумент: преобразование "double" в "int", возможна потеря данных

    Предупреждений: 10
    Ошибок: 0

Прошло времени 00:00:09.00
